# Logfile created on 2014-10-07 13:26:59 +0200 by logger.rb/44203
D, [2014-10-07T13:26:59.009046 #10529] DEBUG -- : DRAGONFLY: shell command: 'convert' '/Users/yoyostile/Development/ungif/http:/img-9gag-lol.9cache.com/photo/aBQg9LQ_460sa_v1.gif' '-resize' '80x80' '/var/folders/zc/6n654gj50f34gh0qz5nskwtr0000gn/T/dragonfly20141007-10529-r7u2tp.gif'
W, [2014-10-07T13:26:59.049525 #10529]  WARN -- : DRAGONFLY: caught error - Command failed ('convert' '/Users/yoyostile/Development/ungif/http:/img-9gag-lol.9cache.com/photo/aBQg9LQ_460sa_v1.gif' '-resize' '80x80' '/var/folders/zc/6n654gj50f34gh0qz5nskwtr0000gn/T/dragonfly20141007-10529-r7u2tp.gif') with exit status 1 and stderr convert: unable to open image `/img-9gag-lol.9cache.com/photo/aBQg9LQ_460sa_v1.gif': No such file or directory @ error/blob.c/OpenBlob/2658.
convert: no images defined `/var/folders/zc/6n654gj50f34gh0qz5nskwtr0000gn/T/dragonfly20141007-10529-r7u2tp.gif' @ error/convert.c/ConvertImageCommand/3187.

I, [2014-10-07T13:26:59.049800 #10529]  INFO -- : DRAGONFLY: GET /ungif?url=http://img-9gag-lol.9cache.com/photo/aBQg9LQ_460sa_v1.gif 500
D, [2014-10-07T13:27:00.012085 #10529] DEBUG -- : DRAGONFLY: shell command: 'convert' '/Users/yoyostile/Development/ungif/http:/img-9gag-lol.9cache.com/photo/aBQg9LQ_460sa_v1.gif' '-resize' '80x80' '/var/folders/zc/6n654gj50f34gh0qz5nskwtr0000gn/T/dragonfly20141007-10529-19zklwh.gif'
W, [2014-10-07T13:27:00.026650 #10529]  WARN -- : DRAGONFLY: caught error - Command failed ('convert' '/Users/yoyostile/Development/ungif/http:/img-9gag-lol.9cache.com/photo/aBQg9LQ_460sa_v1.gif' '-resize' '80x80' '/var/folders/zc/6n654gj50f34gh0qz5nskwtr0000gn/T/dragonfly20141007-10529-19zklwh.gif') with exit status 1 and stderr convert: unable to open image `/img-9gag-lol.9cache.com/photo/aBQg9LQ_460sa_v1.gif': No such file or directory @ error/blob.c/OpenBlob/2658.
convert: no images defined `/var/folders/zc/6n654gj50f34gh0qz5nskwtr0000gn/T/dragonfly20141007-10529-19zklwh.gif' @ error/convert.c/ConvertImageCommand/3187.

I, [2014-10-07T13:27:00.027157 #10529]  INFO -- : DRAGONFLY: GET /ungif?url=http://img-9gag-lol.9cache.com/photo/aBQg9LQ_460sa_v1.gif 500
D, [2014-10-07T13:27:22.341719 #10529] DEBUG -- : DRAGONFLY: shell command: 'convert' '/Users/yoyostile/Development/ungif/http:/img-9gag-lol.9cache.com/photo/aBQg9LQ_460sa_v1.gif' '-resize' '80x80' '/var/folders/zc/6n654gj50f34gh0qz5nskwtr0000gn/T/dragonfly20141007-10529-getqg6.gif'
W, [2014-10-07T13:27:22.355541 #10529]  WARN -- : DRAGONFLY: caught error - Command failed ('convert' '/Users/yoyostile/Development/ungif/http:/img-9gag-lol.9cache.com/photo/aBQg9LQ_460sa_v1.gif' '-resize' '80x80' '/var/folders/zc/6n654gj50f34gh0qz5nskwtr0000gn/T/dragonfly20141007-10529-getqg6.gif') with exit status 1 and stderr convert: unable to open image `/img-9gag-lol.9cache.com/photo/aBQg9LQ_460sa_v1.gif': No such file or directory @ error/blob.c/OpenBlob/2658.
convert: no images defined `/var/folders/zc/6n654gj50f34gh0qz5nskwtr0000gn/T/dragonfly20141007-10529-getqg6.gif' @ error/convert.c/ConvertImageCommand/3187.

I, [2014-10-07T13:27:22.355773 #10529]  INFO -- : DRAGONFLY: GET /ungif?url=http://img-9gag-lol.9cache.com/photo/aBQg9LQ_460sa_v1.gif 500
D, [2014-10-07T13:27:22.928057 #10529] DEBUG -- : DRAGONFLY: shell command: 'convert' '/Users/yoyostile/Development/ungif/http:/img-9gag-lol.9cache.com/photo/aBQg9LQ_460sa_v1.gif' '-resize' '80x80' '/var/folders/zc/6n654gj50f34gh0qz5nskwtr0000gn/T/dragonfly20141007-10529-e3ci9m.gif'
W, [2014-10-07T13:27:22.941681 #10529]  WARN -- : DRAGONFLY: caught error - Command failed ('convert' '/Users/yoyostile/Development/ungif/http:/img-9gag-lol.9cache.com/photo/aBQg9LQ_460sa_v1.gif' '-resize' '80x80' '/var/folders/zc/6n654gj50f34gh0qz5nskwtr0000gn/T/dragonfly20141007-10529-e3ci9m.gif') with exit status 1 and stderr convert: unable to open image `/img-9gag-lol.9cache.com/photo/aBQg9LQ_460sa_v1.gif': No such file or directory @ error/blob.c/OpenBlob/2658.
convert: no images defined `/var/folders/zc/6n654gj50f34gh0qz5nskwtr0000gn/T/dragonfly20141007-10529-e3ci9m.gif' @ error/convert.c/ConvertImageCommand/3187.

I, [2014-10-07T13:27:22.941911 #10529]  INFO -- : DRAGONFLY: GET /ungif?url=http://img-9gag-lol.9cache.com/photo/aBQg9LQ_460sa_v1.gif 500
D, [2014-10-07T13:27:23.533584 #10529] DEBUG -- : DRAGONFLY: shell command: 'convert' '/Users/yoyostile/Development/ungif/http:/img-9gag-lol.9cache.com/photo/aBQg9LQ_460sa_v1.gif' '-resize' '80x80' '/var/folders/zc/6n654gj50f34gh0qz5nskwtr0000gn/T/dragonfly20141007-10529-yv4v02.gif'
W, [2014-10-07T13:27:23.549940 #10529]  WARN -- : DRAGONFLY: caught error - Command failed ('convert' '/Users/yoyostile/Development/ungif/http:/img-9gag-lol.9cache.com/photo/aBQg9LQ_460sa_v1.gif' '-resize' '80x80' '/var/folders/zc/6n654gj50f34gh0qz5nskwtr0000gn/T/dragonfly20141007-10529-yv4v02.gif') with exit status 1 and stderr convert: unable to open image `/img-9gag-lol.9cache.com/photo/aBQg9LQ_460sa_v1.gif': No such file or directory @ error/blob.c/OpenBlob/2658.
convert: no images defined `/var/folders/zc/6n654gj50f34gh0qz5nskwtr0000gn/T/dragonfly20141007-10529-yv4v02.gif' @ error/convert.c/ConvertImageCommand/3187.

I, [2014-10-07T13:27:23.550160 #10529]  INFO -- : DRAGONFLY: GET /ungif?url=http://img-9gag-lol.9cache.com/photo/aBQg9LQ_460sa_v1.gif 500
D, [2014-10-07T13:27:23.981963 #10529] DEBUG -- : DRAGONFLY: shell command: 'convert' '/Users/yoyostile/Development/ungif/http:/img-9gag-lol.9cache.com/photo/aBQg9LQ_460sa_v1.gif' '-resize' '80x80' '/var/folders/zc/6n654gj50f34gh0qz5nskwtr0000gn/T/dragonfly20141007-10529-1m8vdvh.gif'
W, [2014-10-07T13:27:23.996456 #10529]  WARN -- : DRAGONFLY: caught error - Command failed ('convert' '/Users/yoyostile/Development/ungif/http:/img-9gag-lol.9cache.com/photo/aBQg9LQ_460sa_v1.gif' '-resize' '80x80' '/var/folders/zc/6n654gj50f34gh0qz5nskwtr0000gn/T/dragonfly20141007-10529-1m8vdvh.gif') with exit status 1 and stderr convert: unable to open image `/img-9gag-lol.9cache.com/photo/aBQg9LQ_460sa_v1.gif': No such file or directory @ error/blob.c/OpenBlob/2658.
convert: no images defined `/var/folders/zc/6n654gj50f34gh0qz5nskwtr0000gn/T/dragonfly20141007-10529-1m8vdvh.gif' @ error/convert.c/ConvertImageCommand/3187.

I, [2014-10-07T13:27:23.996714 #10529]  INFO -- : DRAGONFLY: GET /ungif?url=http://img-9gag-lol.9cache.com/photo/aBQg9LQ_460sa_v1.gif 500
D, [2014-10-07T13:27:24.364518 #10529] DEBUG -- : DRAGONFLY: shell command: 'convert' '/Users/yoyostile/Development/ungif/http:/img-9gag-lol.9cache.com/photo/aBQg9LQ_460sa_v1.gif' '-resize' '80x80' '/var/folders/zc/6n654gj50f34gh0qz5nskwtr0000gn/T/dragonfly20141007-10529-1uzqrqa.gif'
W, [2014-10-07T13:27:24.377247 #10529]  WARN -- : DRAGONFLY: caught error - Command failed ('convert' '/Users/yoyostile/Development/ungif/http:/img-9gag-lol.9cache.com/photo/aBQg9LQ_460sa_v1.gif' '-resize' '80x80' '/var/folders/zc/6n654gj50f34gh0qz5nskwtr0000gn/T/dragonfly20141007-10529-1uzqrqa.gif') with exit status 1 and stderr convert: unable to open image `/img-9gag-lol.9cache.com/photo/aBQg9LQ_460sa_v1.gif': No such file or directory @ error/blob.c/OpenBlob/2658.
convert: no images defined `/var/folders/zc/6n654gj50f34gh0qz5nskwtr0000gn/T/dragonfly20141007-10529-1uzqrqa.gif' @ error/convert.c/ConvertImageCommand/3187.

I, [2014-10-07T13:27:24.377846 #10529]  INFO -- : DRAGONFLY: GET /ungif?url=http://img-9gag-lol.9cache.com/photo/aBQg9LQ_460sa_v1.gif 500
D, [2014-10-07T13:27:25.424583 #10529] DEBUG -- : DRAGONFLY: shell command: 'convert' '/Users/yoyostile/Development/ungif/http:/img-9gag-lol.9cache.com/photo/aBQg9LQ_460sa_v1.gif' '-resize' '80x80' '/var/folders/zc/6n654gj50f34gh0qz5nskwtr0000gn/T/dragonfly20141007-10529-1chkry0.gif'
W, [2014-10-07T13:27:25.439322 #10529]  WARN -- : DRAGONFLY: caught error - Command failed ('convert' '/Users/yoyostile/Development/ungif/http:/img-9gag-lol.9cache.com/photo/aBQg9LQ_460sa_v1.gif' '-resize' '80x80' '/var/folders/zc/6n654gj50f34gh0qz5nskwtr0000gn/T/dragonfly20141007-10529-1chkry0.gif') with exit status 1 and stderr convert: unable to open image `/img-9gag-lol.9cache.com/photo/aBQg9LQ_460sa_v1.gif': No such file or directory @ error/blob.c/OpenBlob/2658.
convert: no images defined `/var/folders/zc/6n654gj50f34gh0qz5nskwtr0000gn/T/dragonfly20141007-10529-1chkry0.gif' @ error/convert.c/ConvertImageCommand/3187.

I, [2014-10-07T13:27:25.439845 #10529]  INFO -- : DRAGONFLY: GET /ungif?url=http://img-9gag-lol.9cache.com/photo/aBQg9LQ_460sa_v1.gif 500
D, [2014-10-07T13:27:26.189289 #10529] DEBUG -- : DRAGONFLY: shell command: 'convert' '/Users/yoyostile/Development/ungif/http:/img-9gag-lol.9cache.com/photo/aBQg9LQ_460sa_v1.gif' '-resize' '80x80' '/var/folders/zc/6n654gj50f34gh0qz5nskwtr0000gn/T/dragonfly20141007-10529-1bfjnio.gif'
W, [2014-10-07T13:27:26.205838 #10529]  WARN -- : DRAGONFLY: caught error - Command failed ('convert' '/Users/yoyostile/Development/ungif/http:/img-9gag-lol.9cache.com/photo/aBQg9LQ_460sa_v1.gif' '-resize' '80x80' '/var/folders/zc/6n654gj50f34gh0qz5nskwtr0000gn/T/dragonfly20141007-10529-1bfjnio.gif') with exit status 1 and stderr convert: unable to open image `/img-9gag-lol.9cache.com/photo/aBQg9LQ_460sa_v1.gif': No such file or directory @ error/blob.c/OpenBlob/2658.
convert: no images defined `/var/folders/zc/6n654gj50f34gh0qz5nskwtr0000gn/T/dragonfly20141007-10529-1bfjnio.gif' @ error/convert.c/ConvertImageCommand/3187.

I, [2014-10-07T13:27:26.206004 #10529]  INFO -- : DRAGONFLY: GET /ungif?url=http://img-9gag-lol.9cache.com/photo/aBQg9LQ_460sa_v1.gif 500
D, [2014-10-07T13:27:28.113596 #10529] DEBUG -- : DRAGONFLY: shell command: 'convert' '/Users/yoyostile/Development/ungif/http:/img-9gag-lol.9cache.com/photo/aBQg9LQ_460sa_v1.gif' '-resize' '80x80' '/var/folders/zc/6n654gj50f34gh0qz5nskwtr0000gn/T/dragonfly20141007-10529-q1comz.gif'
W, [2014-10-07T13:27:28.129613 #10529]  WARN -- : DRAGONFLY: caught error - Command failed ('convert' '/Users/yoyostile/Development/ungif/http:/img-9gag-lol.9cache.com/photo/aBQg9LQ_460sa_v1.gif' '-resize' '80x80' '/var/folders/zc/6n654gj50f34gh0qz5nskwtr0000gn/T/dragonfly20141007-10529-q1comz.gif') with exit status 1 and stderr convert: unable to open image `/img-9gag-lol.9cache.com/photo/aBQg9LQ_460sa_v1.gif': No such file or directory @ error/blob.c/OpenBlob/2658.
convert: no images defined `/var/folders/zc/6n654gj50f34gh0qz5nskwtr0000gn/T/dragonfly20141007-10529-q1comz.gif' @ error/convert.c/ConvertImageCommand/3187.

I, [2014-10-07T13:27:28.129821 #10529]  INFO -- : DRAGONFLY: GET /ungif?url=http://img-9gag-lol.9cache.com/photo/aBQg9LQ_460sa_v1.gif 500
D, [2014-10-07T13:28:32.294588 #10581] DEBUG -- : DRAGONFLY: shell command: 'convert' '/Users/yoyostile/Development/ungif/http:/img-9gag-lol.9cache.com/photo/aBQg9LQ_460sa_v1.gif' '-resize' '80x80' '/var/folders/zc/6n654gj50f34gh0qz5nskwtr0000gn/T/dragonfly20141007-10581-1awfyhb.gif'
W, [2014-10-07T13:28:32.311544 #10581]  WARN -- : DRAGONFLY: caught error - Command failed ('convert' '/Users/yoyostile/Development/ungif/http:/img-9gag-lol.9cache.com/photo/aBQg9LQ_460sa_v1.gif' '-resize' '80x80' '/var/folders/zc/6n654gj50f34gh0qz5nskwtr0000gn/T/dragonfly20141007-10581-1awfyhb.gif') with exit status 1 and stderr convert: unable to open image `/img-9gag-lol.9cache.com/photo/aBQg9LQ_460sa_v1.gif': No such file or directory @ error/blob.c/OpenBlob/2658.
convert: no images defined `/var/folders/zc/6n654gj50f34gh0qz5nskwtr0000gn/T/dragonfly20141007-10581-1awfyhb.gif' @ error/convert.c/ConvertImageCommand/3187.

I, [2014-10-07T13:28:32.311716 #10581]  INFO -- : DRAGONFLY: GET /ungif?url=http://img-9gag-lol.9cache.com/photo/aBQg9LQ_460sa_v1.gif 500
D, [2014-10-07T13:28:33.024913 #10581] DEBUG -- : DRAGONFLY: shell command: 'convert' '/Users/yoyostile/Development/ungif/http:/img-9gag-lol.9cache.com/photo/aBQg9LQ_460sa_v1.gif' '-resize' '80x80' '/var/folders/zc/6n654gj50f34gh0qz5nskwtr0000gn/T/dragonfly20141007-10581-54bsyq.gif'
W, [2014-10-07T13:28:33.039741 #10581]  WARN -- : DRAGONFLY: caught error - Command failed ('convert' '/Users/yoyostile/Development/ungif/http:/img-9gag-lol.9cache.com/photo/aBQg9LQ_460sa_v1.gif' '-resize' '80x80' '/var/folders/zc/6n654gj50f34gh0qz5nskwtr0000gn/T/dragonfly20141007-10581-54bsyq.gif') with exit status 1 and stderr convert: unable to open image `/img-9gag-lol.9cache.com/photo/aBQg9LQ_460sa_v1.gif': No such file or directory @ error/blob.c/OpenBlob/2658.
convert: no images defined `/var/folders/zc/6n654gj50f34gh0qz5nskwtr0000gn/T/dragonfly20141007-10581-54bsyq.gif' @ error/convert.c/ConvertImageCommand/3187.

I, [2014-10-07T13:28:33.039992 #10581]  INFO -- : DRAGONFLY: GET /ungif?url=http://img-9gag-lol.9cache.com/photo/aBQg9LQ_460sa_v1.gif 500
D, [2014-10-07T13:28:34.655288 #10581] DEBUG -- : DRAGONFLY: shell command: 'convert' '/Users/yoyostile/Development/ungif/http:/img-9gag-lol.9cache.com/photo/aBQg9LQ_460sa_v1.gif' '-resize' '80x80' '/var/folders/zc/6n654gj50f34gh0qz5nskwtr0000gn/T/dragonfly20141007-10581-p0v3vv.gif'
W, [2014-10-07T13:28:34.669196 #10581]  WARN -- : DRAGONFLY: caught error - Command failed ('convert' '/Users/yoyostile/Development/ungif/http:/img-9gag-lol.9cache.com/photo/aBQg9LQ_460sa_v1.gif' '-resize' '80x80' '/var/folders/zc/6n654gj50f34gh0qz5nskwtr0000gn/T/dragonfly20141007-10581-p0v3vv.gif') with exit status 1 and stderr convert: unable to open image `/img-9gag-lol.9cache.com/photo/aBQg9LQ_460sa_v1.gif': No such file or directory @ error/blob.c/OpenBlob/2658.
convert: no images defined `/var/folders/zc/6n654gj50f34gh0qz5nskwtr0000gn/T/dragonfly20141007-10581-p0v3vv.gif' @ error/convert.c/ConvertImageCommand/3187.

I, [2014-10-07T13:28:34.669446 #10581]  INFO -- : DRAGONFLY: GET /ungif?url=http://img-9gag-lol.9cache.com/photo/aBQg9LQ_460sa_v1.gif 500
D, [2014-10-07T13:28:35.534592 #10581] DEBUG -- : DRAGONFLY: shell command: 'convert' '/Users/yoyostile/Development/ungif/http:/img-9gag-lol.9cache.com/photo/aBQg9LQ_460sa_v1.gif' '-resize' '80x80' '/var/folders/zc/6n654gj50f34gh0qz5nskwtr0000gn/T/dragonfly20141007-10581-wzkfoz.gif'
W, [2014-10-07T13:28:35.548358 #10581]  WARN -- : DRAGONFLY: caught error - Command failed ('convert' '/Users/yoyostile/Development/ungif/http:/img-9gag-lol.9cache.com/photo/aBQg9LQ_460sa_v1.gif' '-resize' '80x80' '/var/folders/zc/6n654gj50f34gh0qz5nskwtr0000gn/T/dragonfly20141007-10581-wzkfoz.gif') with exit status 1 and stderr convert: unable to open image `/img-9gag-lol.9cache.com/photo/aBQg9LQ_460sa_v1.gif': No such file or directory @ error/blob.c/OpenBlob/2658.
convert: no images defined `/var/folders/zc/6n654gj50f34gh0qz5nskwtr0000gn/T/dragonfly20141007-10581-wzkfoz.gif' @ error/convert.c/ConvertImageCommand/3187.

I, [2014-10-07T13:28:35.548608 #10581]  INFO -- : DRAGONFLY: GET /ungif?url=http://img-9gag-lol.9cache.com/photo/aBQg9LQ_460sa_v1.gif 500
D, [2014-10-07T13:28:36.186904 #10581] DEBUG -- : DRAGONFLY: shell command: 'convert' '/Users/yoyostile/Development/ungif/http:/img-9gag-lol.9cache.com/photo/aBQg9LQ_460sa_v1.gif' '-resize' '80x80' '/var/folders/zc/6n654gj50f34gh0qz5nskwtr0000gn/T/dragonfly20141007-10581-140n07u.gif'
W, [2014-10-07T13:28:36.204028 #10581]  WARN -- : DRAGONFLY: caught error - Command failed ('convert' '/Users/yoyostile/Development/ungif/http:/img-9gag-lol.9cache.com/photo/aBQg9LQ_460sa_v1.gif' '-resize' '80x80' '/var/folders/zc/6n654gj50f34gh0qz5nskwtr0000gn/T/dragonfly20141007-10581-140n07u.gif') with exit status 1 and stderr convert: unable to open image `/img-9gag-lol.9cache.com/photo/aBQg9LQ_460sa_v1.gif': No such file or directory @ error/blob.c/OpenBlob/2658.
convert: no images defined `/var/folders/zc/6n654gj50f34gh0qz5nskwtr0000gn/T/dragonfly20141007-10581-140n07u.gif' @ error/convert.c/ConvertImageCommand/3187.

I, [2014-10-07T13:28:36.204355 #10581]  INFO -- : DRAGONFLY: GET /ungif?url=http://img-9gag-lol.9cache.com/photo/aBQg9LQ_460sa_v1.gif 500
D, [2014-10-07T13:31:41.748854 #10806] DEBUG -- : DRAGONFLY: shell command: 'convert' '/var/folders/zc/6n654gj50f34gh0qz5nskwtr0000gn/T/dragonfly20141007-10806-1ghx9au' '-resize' '80x80' '/var/folders/zc/6n654gj50f34gh0qz5nskwtr0000gn/T/dragonfly20141007-10806-qk5u08.gif'
I, [2014-10-07T13:31:42.306186 #10806]  INFO -- : DRAGONFLY: GET /ungif?url=http://img-9gag-lol.9cache.com/photo/aBQg9LQ_460sa_v1.gif 200
D, [2014-10-07T13:31:44.234921 #10806] DEBUG -- : DRAGONFLY: shell command: 'convert' '/var/folders/zc/6n654gj50f34gh0qz5nskwtr0000gn/T/dragonfly20141007-10806-191udyo' '-resize' '80x80' '/var/folders/zc/6n654gj50f34gh0qz5nskwtr0000gn/T/dragonfly20141007-10806-1wwq6yj.gif'
I, [2014-10-07T13:31:44.776999 #10806]  INFO -- : DRAGONFLY: GET /ungif?url=http://img-9gag-lol.9cache.com/photo/aBQg9LQ_460sa_v1.gif 200
D, [2014-10-07T13:32:17.396265 #10860] DEBUG -- : DRAGONFLY: shell command: 'convert' '/var/folders/zc/6n654gj50f34gh0qz5nskwtr0000gn/T/dragonfly20141007-10860-dln657' '/var/folders/zc/6n654gj50f34gh0qz5nskwtr0000gn/T/dragonfly20141007-10860-cw2kb5.jpg'
D, [2014-10-07T13:32:17.685294 #10860] DEBUG -- : DRAGONFLY: shell command: 'convert' '/var/folders/zc/6n654gj50f34gh0qz5nskwtr0000gn/T/dragonfly20141007-10860-cw2kb5.jpg' '-resize' '80x80' '/var/folders/zc/6n654gj50f34gh0qz5nskwtr0000gn/T/dragonfly20141007-10860-15jilw7.jpg'
W, [2014-10-07T13:32:17.697137 #10860]  WARN -- : DRAGONFLY: caught error - Command failed ('convert' '/var/folders/zc/6n654gj50f34gh0qz5nskwtr0000gn/T/dragonfly20141007-10860-cw2kb5.jpg' '-resize' '80x80' '/var/folders/zc/6n654gj50f34gh0qz5nskwtr0000gn/T/dragonfly20141007-10860-15jilw7.jpg') with exit status 1 and stderr convert: Empty input file `/var/folders/zc/6n654gj50f34gh0qz5nskwtr0000gn/T/dragonfly20141007-10860-cw2kb5.jpg' @ error/jpeg.c/JPEGErrorHandler/322.
convert: no images defined `/var/folders/zc/6n654gj50f34gh0qz5nskwtr0000gn/T/dragonfly20141007-10860-15jilw7.jpg' @ error/convert.c/ConvertImageCommand/3187.

I, [2014-10-07T13:32:17.697303 #10860]  INFO -- : DRAGONFLY: GET /ungif?url=http://img-9gag-lol.9cache.com/photo/aBQg9LQ_460sa_v1.gif 500
D, [2014-10-07T13:32:31.558326 #10860] DEBUG -- : DRAGONFLY: shell command: 'convert' '/var/folders/zc/6n654gj50f34gh0qz5nskwtr0000gn/T/dragonfly20141007-10860-1f8hesu' '/var/folders/zc/6n654gj50f34gh0qz5nskwtr0000gn/T/dragonfly20141007-10860-5cb3k4.jpg'
D, [2014-10-07T13:32:31.840496 #10860] DEBUG -- : DRAGONFLY: shell command: 'convert' '/var/folders/zc/6n654gj50f34gh0qz5nskwtr0000gn/T/dragonfly20141007-10860-5cb3k4.jpg' '-resize' '80x80' '/var/folders/zc/6n654gj50f34gh0qz5nskwtr0000gn/T/dragonfly20141007-10860-nfotmg.jpg'
W, [2014-10-07T13:32:31.852421 #10860]  WARN -- : DRAGONFLY: caught error - Command failed ('convert' '/var/folders/zc/6n654gj50f34gh0qz5nskwtr0000gn/T/dragonfly20141007-10860-5cb3k4.jpg' '-resize' '80x80' '/var/folders/zc/6n654gj50f34gh0qz5nskwtr0000gn/T/dragonfly20141007-10860-nfotmg.jpg') with exit status 1 and stderr convert: Empty input file `/var/folders/zc/6n654gj50f34gh0qz5nskwtr0000gn/T/dragonfly20141007-10860-5cb3k4.jpg' @ error/jpeg.c/JPEGErrorHandler/322.
convert: no images defined `/var/folders/zc/6n654gj50f34gh0qz5nskwtr0000gn/T/dragonfly20141007-10860-nfotmg.jpg' @ error/convert.c/ConvertImageCommand/3187.

I, [2014-10-07T13:32:31.852629 #10860]  INFO -- : DRAGONFLY: GET /ungif?url=http://img-9gag-lol.9cache.com/photo/aBQg9LQ_460sa_v1.gif 500
D, [2014-10-07T13:33:54.554964 #10949] DEBUG -- : DRAGONFLY: shell command: 'convert' '/var/folders/zc/6n654gj50f34gh0qz5nskwtr0000gn/T/dragonfly20141007-10949-dzn0s9[5]' '-resize' '80x80' '/var/folders/zc/6n654gj50f34gh0qz5nskwtr0000gn/T/dragonfly20141007-10949-1hn5iez.jpg'
I, [2014-10-07T13:33:54.584959 #10949]  INFO -- : DRAGONFLY: GET /ungif?url=http://img-9gag-lol.9cache.com/photo/aBQg9LQ_460sa_v1.gif 200
D, [2014-10-07T13:34:40.772958 #10994] DEBUG -- : DRAGONFLY: shell command: 'convert' '/var/folders/zc/6n654gj50f34gh0qz5nskwtr0000gn/T/dragonfly20141007-10994-1450dla[5]' '-resize' '80x80^^' '-gravity' 'Center' '-crop' '80x80+0+0' '+repage' '/var/folders/zc/6n654gj50f34gh0qz5nskwtr0000gn/T/dragonfly20141007-10994-iysrsu.jpg'
I, [2014-10-07T13:34:40.805350 #10994]  INFO -- : DRAGONFLY: GET /ungif?url=http://img-9gag-lol.9cache.com/photo/aBQg9LQ_460sa_v1.gif 200
D, [2014-10-07T13:34:41.887314 #10994] DEBUG -- : DRAGONFLY: shell command: 'convert' '/var/folders/zc/6n654gj50f34gh0qz5nskwtr0000gn/T/dragonfly20141007-10994-11847ym[5]' '-resize' '80x80^^' '-gravity' 'Center' '-crop' '80x80+0+0' '+repage' '/var/folders/zc/6n654gj50f34gh0qz5nskwtr0000gn/T/dragonfly20141007-10994-wuenu0.jpg'
I, [2014-10-07T13:34:41.912500 #10994]  INFO -- : DRAGONFLY: GET /ungif?url=http://img-9gag-lol.9cache.com/photo/aBQg9LQ_460sa_v1.gif 200
